<?xml version="1.0" encoding="UTF-8"?>
<!-- Generated by org.testng.reporters.JUnitXMLReporter -->
<testsuite ignored="0" hostname="DESKTOP-7KJRG4O" failures="0" tests="4" name="logintest" time="33.215" errors="0" timestamp="2023-08-03T14:13:43 IST">
  <testcase classname="selenium_1.test.LoginPageTest" name="loginTest" time="2.618"/>
  <testcase classname="selenium_1.test.LoginPageTest" name="loginTest" time="2.584"/>
  <testcase classname="selenium_1.test.LoginPageTest" name="loginTest" time="2.569"/>
  <testcase classname="selenium_1.test.LoginPageTest" name="loginTest" time="2.556"/>
</testsuite> <!-- logintest -->
